2026-01-21 03:05:09,392 [INFO] [main] OPTIONS /api/v1/auth/users/me - 200 - 1.36ms
2026-01-21 03:05:09,400 [INFO] [main] OPTIONS /api/v1/auth/users/me - 200 - 8.21ms
2026-01-21 03:05:09,437 [INFO] [main] GET /api/v1/auth/users/me - 200 - 18.50ms
2026-01-21 03:05:09,437 [INFO] [main] GET /api/v1/auth/users/me - 200 - 18.32ms
2026-01-21 03:05:09,455 [INFO] [main] OPTIONS /api/v1/admin/stats - 200 - 1.13ms
2026-01-21 03:05:09,456 [INFO] [main] OPTIONS /api/v1/admin/stats - 200 - 1.41ms
2026-01-21 03:05:09,472 [INFO] [main] GET /api/v1/admin/stats - 200 - 11.05ms
2026-01-21 03:05:09,473 [INFO] [main] GET /api/v1/admin/stats - 200 - 6.91ms
2026-01-21 03:05:11,082 [INFO] [main] OPTIONS /api/v1/admin/users - 200 - 0.54ms
2026-01-21 03:05:11,083 [INFO] [main] GET /api/v1/auth/users/me - 200 - 6.93ms
2026-01-21 03:05:11,086 [INFO] [main] OPTIONS /api/v1/admin/users - 200 - 0.56ms
2026-01-21 03:05:11,114 [INFO] [main] GET /api/v1/admin/users - 200 - 24.23ms
2026-01-21 03:05:11,116 [INFO] [main] GET /api/v1/admin/users - 200 - 8.76ms
2026-01-21 03:05:14,517 [INFO] [main] OPTIONS /api/v1/admin/orders - 200 - 0.57ms
2026-01-21 03:05:14,518 [INFO] [main] OPTIONS /api/v1/admin/orders - 200 - 1.27ms
2026-01-21 03:05:14,530 [INFO] [main] GET /api/v1/auth/users/me - 200 - 14.64ms
2026-01-21 03:05:14,539 [INFO] [main] GET /api/v1/admin/orders - 200 - 8.28ms
2026-01-21 03:05:14,544 [INFO] [main] GET /api/v1/admin/orders - 200 - 4.33ms
2026-01-21 03:05:16,638 [INFO] [main] OPTIONS /api/v1/admin/logs - 200 - 0.50ms
2026-01-21 03:05:16,638 [INFO] [main] OPTIONS /api/v1/admin/logs - 200 - 1.13ms
2026-01-21 03:05:16,645 [INFO] [main] GET /api/v1/auth/users/me - 200 - 8.82ms
2026-01-21 03:05:16,663 [INFO] [main] GET /api/v1/admin/logs - 200 - 17.09ms
2026-01-21 03:05:16,664 [INFO] [main] GET /api/v1/admin/logs - 200 - 15.77ms
2026-01-21 03:05:22,242 [INFO] [main] OPTIONS /api/v1/admin/settings - 200 - 0.98ms
2026-01-21 03:05:22,248 [INFO] [main] OPTIONS /api/v1/admin/settings - 200 - 6.03ms
2026-01-21 03:05:22,251 [INFO] [main] GET /api/v1/auth/users/me - 200 - 11.96ms
2026-01-21 03:05:22,262 [INFO] [main] GET /api/v1/admin/settings - 200 - 9.11ms
2026-01-21 03:05:22,262 [INFO] [main] GET /api/v1/admin/settings - 200 - 5.00ms
2026-01-21 03:05:24,041 [INFO] [main] GET /api/v1/auth/users/me - 200 - 18.63ms
2026-01-21 03:05:24,042 [INFO] [main] GET /api/v1/admin/logs - 200 - 16.19ms
2026-01-21 03:05:24,043 [INFO] [main] GET /api/v1/admin/logs - 200 - 19.07ms
